<?xml version="1.0" encoding="UTF-8"?>
<!-- Generated by org.testng.reporters.JUnitReportReporter -->
<testsuite skipped="0" hostname="da" name="test.AutomationpracticeLoginTest" tests="1" failures="0" timestamp="06 Feb 2018 23:07:40 GMT" time="6.115" errors="0">
  <testcase name="test_automation_practice_appears_correct" time="6.115" classname="test.AutomationpracticeLoginTest"/>
</testsuite> <!-- test.AutomationpracticeLoginTest -->
