<?xml version="1.0" encoding="UTF-8"?>
<!-- Generated by org.testng.reporters.JUnitReportReporter -->
<testsuite skipped="0" hostname="da" name="test.APLoginTest_copy" tests="2" failures="0" timestamp="09 Feb 2018 15:15:05 GMT" time="91.448" errors="0">
  <testcase name="purchase_with_login" time="60.289" classname="test.APLoginTest_copy"/>
  <testcase name="login_with_valid_credentials" time="31.159" classname="test.APLoginTest_copy"/>
</testsuite> <!-- test.APLoginTest_copy -->
