<?xml version="1.0" encoding="UTF-8"?>
<!-- Generated by org.testng.reporters.JUnitReportReporter -->
<testsuite skipped="0" hostname="da" name="test.APLoginTest" tests="2" failures="0" timestamp="09 Feb 2018 15:15:05 GMT" time="95.244" errors="0">
  <testcase name="login_with_valid_credentials" time="35.966" classname="test.APLoginTest"/>
  <testcase name="purchase_with_login" time="59.278" classname="test.APLoginTest"/>
</testsuite> <!-- test.APLoginTest -->
