<?xml version="1.0" encoding="UTF-8"?>
<!-- Generated by org.testng.reporters.JUnitReportReporter -->
<testsuite skipped="0" hostname="da" name="test.APLoginTest_CR" tests="2" failures="0" timestamp="10 Feb 2018 19:30:42 GMT" time="58.373" errors="0">
  <testcase name="purchase_with_login" time="48.862" classname="test.APLoginTest_CR"/>
  <testcase name="login_with_valid_credentials" time="9.511" classname="test.APLoginTest_CR"/>
</testsuite> <!-- test.APLoginTest_CR -->
