<?xml version="1.0" encoding="UTF-8"?>
<!-- Generated by org.testng.reporters.JUnitReportReporter -->
<testsuite skipped="0" hostname="da" name="basicTests.NoPOMTest99GuruLogin" tests="1" failures="0" timestamp="06 Feb 2018 15:16:08 GMT" time="18.097" errors="0">
  <testcase name="test_Home_Page_Appear_Correct" time="18.097" classname="basicTests.NoPOMTest99GuruLogin"/>
</testsuite> <!-- basicTests.NoPOMTest99GuruLogin -->
