<?xml version="1.0" encoding="UTF-8"?>
<!-- Generated by org.testng.reporters.JUnitReportReporter -->
<testsuite skipped="0" hostname="da" name="test.Test99GuruLogin" tests="1" failures="0" timestamp="06 Feb 2018 15:24:59 GMT" time="1.622" errors="0">
  <testcase name="test_Home_Page_Appear_Correct" time="1.622" classname="test.Test99GuruLogin"/>
</testsuite> <!-- test.Test99GuruLogin -->
