<?xml version="1.0" encoding="UTF-8"?>
<!-- Generated by org.testng.reporters.JUnitReportReporter -->
<testsuite skipped="0" hostname="da" name="test.APLoginTestFF" tests="2" failures="0" timestamp="13 Feb 2018 13:53:57 GMT" time="24.917" errors="0">
  <testcase name="login_with_valid_credentials" time="4.814" classname="test.APLoginTestFF"/>
  <testcase name="purchase_with_login" time="20.103" classname="test.APLoginTestFF"/>
</testsuite> <!-- test.APLoginTestFF -->
