<?xml version="1.0" encoding="UTF-8"?>
<!-- Generated by org.testng.reporters.JUnitReportReporter -->
<testsuite skipped="0" hostname="da" name="basicTests.Login" tests="1" failures="0" timestamp="27 Jan 2018 12:43:52 GMT" time="7.789" errors="0">
  <testcase name="loginTest" time="7.789" classname="basicTests.Login"/>
</testsuite> <!-- basicTests.Login -->
